<?xml version="1.0" encoding="UTF-8"?>
<!-- Generated by org.testng.reporters.JUnitReportReporter -->
<testsuite hostname="ankit" failures="0" tests="2" name="com.org.Tests.TestCase_UserCreation" time="1.151" errors="0" timestamp="2020-03-29T12:25:52 IST" skipped="0">
  <testcase classname="com.org.Tests.TestCase_UserCreation" name="TC_002" time="1.007"/>
  <testcase classname="com.org.Tests.TestCase_UserCreation" name="TC_001" time="0.144"/>
</testsuite> <!-- com.org.Tests.TestCase_UserCreation -->
